2025-12-11T17:35:05.118+02:00  INFO 12904 --- [server] [main] ee.andu.server.ServerApplication         : Starting ServerApplication using Java 21.0.9 with PID 12904 (C:\Koolitus\JavaBasic\JavaWebTutorial\server\target\classes started by andu2 in C:\Koolitus\JavaBasic\JavaWebTutorial\server)
2025-12-11T17:35:05.124+02:00  INFO 12904 --- [server] [main] ee.andu.server.ServerApplication         : No active profile set, falling back to 1 default profile: "default"
2025-12-11T17:35:05.766+02:00  INFO 12904 --- [server] [main] .s.d.r.c.RepositoryConfigurationDelegate : Bootstrapping Spring Data JPA repositories in DEFAULT mode.
2025-12-11T17:35:05.820+02:00  INFO 12904 --- [server] [main] .s.d.r.c.RepositoryConfigurationDelegate : Finished Spring Data repository scanning in 45 ms. Found 4 JPA repository interfaces.
2025-12-11T17:35:06.164+02:00  INFO 12904 --- [server] [main] o.s.b.w.embedded.tomcat.TomcatWebServer  : Tomcat initialized with port 8080 (http)
2025-12-11T17:35:06.176+02:00  INFO 12904 --- [server] [main] o.apache.catalina.core.StandardService   : Starting service [Tomcat]
2025-12-11T17:35:06.177+02:00  INFO 12904 --- [server] [main] o.apache.catalina.core.StandardEngine    : Starting Servlet engine: [Apache Tomcat/10.1.48]
2025-12-11T17:35:06.217+02:00  INFO 12904 --- [server] [main] o.a.c.c.C.[Tomcat].[localhost].[/]       : Initializing Spring embedded WebApplicationContext
2025-12-11T17:35:06.218+02:00  INFO 12904 --- [server] [main] w.s.c.ServletWebServerApplicationContext : Root WebApplicationContext: initialization completed in 1051 ms
2025-12-11T17:35:06.339+02:00  INFO 12904 --- [server] [main] o.hibernate.jpa.internal.util.LogHelper  : HHH000204: Processing PersistenceUnitInfo [name: default]
2025-12-11T17:35:06.408+02:00  INFO 12904 --- [server] [main] org.hibernate.Version                    : HHH000412: Hibernate ORM core version 6.6.33.Final
2025-12-11T17:35:06.467+02:00  INFO 12904 --- [server] [main] o.h.c.internal.RegionFactoryInitiator    : HHH000026: Second-level cache disabled
2025-12-11T17:35:06.930+02:00  INFO 12904 --- [server] [main] o.s.o.j.p.SpringPersistenceUnitInfo      : No LoadTimeWeaver setup: ignoring JPA class transformer
2025-12-11T17:35:06.965+02:00  INFO 12904 --- [server] [main] com.zaxxer.hikari.HikariDataSource       : HikariPool-1 - Starting...
2025-12-11T17:35:07.168+02:00  INFO 12904 --- [server] [main] com.zaxxer.hikari.pool.HikariPool        : HikariPool-1 - Added connection org.postgresql.jdbc.PgConnection@33ebe4f0
2025-12-11T17:35:07.171+02:00  INFO 12904 --- [server] [main] com.zaxxer.hikari.HikariDataSource       : HikariPool-1 - Start completed.
2025-12-11T17:35:07.271+02:00  INFO 12904 --- [server] [main] org.hibernate.orm.connections.pooling    : HHH10001005: Database info:
	Database JDBC URL [Connecting through datasource 'HikariDataSource (HikariPool-1)']
	Database driver: undefined/unknown
	Database version: 18.1
	Autocommit mode: undefined/unknown
	Isolation level: undefined/unknown
	Minimum pool size: undefined/unknown
	Maximum pool size: undefined/unknown
2025-12-11T17:35:08.518+02:00  INFO 12904 --- [server] [main] o.h.e.t.j.p.i.JtaPlatformInitiator       : HHH000489: No JTA platform available (set 'hibernate.transaction.jta.platform' to enable JTA platform integration)
2025-12-11T17:35:08.629+02:00  INFO 12904 --- [server] [main] j.LocalContainerEntityManagerFactoryBean : Initialized JPA EntityManagerFactory for persistence unit 'default'
2025-12-11T17:35:09.180+02:00  WARN 12904 --- [server] [main] JpaBaseConfiguration$JpaWebConfiguration : spring.jpa.open-in-view is enabled by default. Therefore, database queries may be performed during view rendering. Explicitly configure spring.jpa.open-in-view to disable this warning
2025-12-11T17:35:09.664+02:00  INFO 12904 --- [server] [main] o.s.b.w.embedded.tomcat.TomcatWebServer  : Tomcat started on port 8080 (http) with context path '/'
2025-12-11T17:35:09.670+02:00  INFO 12904 --- [server] [main] ee.andu.server.ServerApplication         : Started ServerApplication in 4.982 seconds (process running for 5.741)
2025-12-11T17:35:09.715+02:00  INFO 12904 --- [server] [http-nio-8080-exec-2] o.a.c.c.C.[Tomcat].[localhost].[/]       : Initializing Spring DispatcherServlet 'dispatcherServlet'
2025-12-11T17:35:09.715+02:00  INFO 12904 --- [server] [http-nio-8080-exec-2] o.s.web.servlet.DispatcherServlet        : Initializing Servlet 'dispatcherServlet'
2025-12-11T17:35:09.716+02:00  INFO 12904 --- [server] [http-nio-8080-exec-2] o.s.web.servlet.DispatcherServlet        : Completed initialization in 1 ms
2025-12-11T17:55:16.813+02:00  INFO 12904 --- [server] [SpringApplicationShutdownHook] o.s.b.w.e.tomcat.GracefulShutdown        : Commencing graceful shutdown. Waiting for active requests to complete
2025-12-11T17:55:16.817+02:00  INFO 12904 --- [server] [tomcat-shutdown] o.s.b.w.e.tomcat.GracefulShutdown        : Graceful shutdown complete
2025-12-11T17:55:16.820+02:00  INFO 12904 --- [server] [SpringApplicationShutdownHook] j.LocalContainerEntityManagerFactoryBean : Closing JPA EntityManagerFactory for persistence unit 'default'
2025-12-11T17:55:16.822+02:00  INFO 12904 --- [server] [SpringApplicationShutdownHook] com.zaxxer.hikari.HikariDataSource       : HikariPool-1 - Shutdown initiated...
2025-12-11T17:55:16.824+02:00  INFO 12904 --- [server] [SpringApplicationShutdownHook] com.zaxxer.hikari.HikariDataSource       : HikariPool-1 - Shutdown completed.
2025-12-11T17:55:19.013+02:00  INFO 9488 --- [server] [main] ee.andu.server.ServerApplication         : Starting ServerApplication using Java 21.0.9 with PID 9488 (C:\Koolitus\JavaBasic\JavaWebTutorial\server\target\classes started by andu2 in C:\Koolitus\JavaBasic\JavaWebTutorial\server)
2025-12-11T17:55:19.015+02:00  INFO 9488 --- [server] [main] ee.andu.server.ServerApplication         : No active profile set, falling back to 1 default profile: "default"
2025-12-11T17:55:19.623+02:00  INFO 9488 --- [server] [main] .s.d.r.c.RepositoryConfigurationDelegate : Bootstrapping Spring Data JPA repositories in DEFAULT mode.
2025-12-11T17:55:19.673+02:00  INFO 9488 --- [server] [main] .s.d.r.c.RepositoryConfigurationDelegate : Finished Spring Data repository scanning in 43 ms. Found 4 JPA repository interfaces.
2025-12-11T17:55:20.035+02:00  INFO 9488 --- [server] [main] o.s.b.w.embedded.tomcat.TomcatWebServer  : Tomcat initialized with port 8080 (http)
2025-12-11T17:55:20.046+02:00  INFO 9488 --- [server] [main] o.apache.catalina.core.StandardService   : Starting service [Tomcat]
2025-12-11T17:55:20.046+02:00  INFO 9488 --- [server] [main] o.apache.catalina.core.StandardEngine    : Starting Servlet engine: [Apache Tomcat/10.1.48]
2025-12-11T17:55:20.078+02:00  INFO 9488 --- [server] [main] o.a.c.c.C.[Tomcat].[localhost].[/]       : Initializing Spring embedded WebApplicationContext
2025-12-11T17:55:20.080+02:00  INFO 9488 --- [server] [main] w.s.c.ServletWebServerApplicationContext : Root WebApplicationContext: initialization completed in 1010 ms
2025-12-11T17:55:20.211+02:00  INFO 9488 --- [server] [main] o.hibernate.jpa.internal.util.LogHelper  : HHH000204: Processing PersistenceUnitInfo [name: default]
2025-12-11T17:55:20.251+02:00  INFO 9488 --- [server] [main] org.hibernate.Version                    : HHH000412: Hibernate ORM core version 6.6.33.Final
2025-12-11T17:55:20.281+02:00  INFO 9488 --- [server] [main] o.h.c.internal.RegionFactoryInitiator    : HHH000026: Second-level cache disabled
2025-12-11T17:55:20.538+02:00  INFO 9488 --- [server] [main] o.s.o.j.p.SpringPersistenceUnitInfo      : No LoadTimeWeaver setup: ignoring JPA class transformer
2025-12-11T17:55:20.564+02:00  INFO 9488 --- [server] [main] com.zaxxer.hikari.HikariDataSource       : HikariPool-1 - Starting...
2025-12-11T17:55:20.727+02:00  INFO 9488 --- [server] [main] com.zaxxer.hikari.pool.HikariPool        : HikariPool-1 - Added connection org.postgresql.jdbc.PgConnection@d84418a
2025-12-11T17:55:20.728+02:00  INFO 9488 --- [server] [main] com.zaxxer.hikari.HikariDataSource       : HikariPool-1 - Start completed.
2025-12-11T17:55:20.785+02:00  INFO 9488 --- [server] [main] org.hibernate.orm.connections.pooling    : HHH10001005: Database info:
	Database JDBC URL [Connecting through datasource 'HikariDataSource (HikariPool-1)']
	Database driver: undefined/unknown
	Database version: 18.1
	Autocommit mode: undefined/unknown
	Isolation level: undefined/unknown
	Minimum pool size: undefined/unknown
	Maximum pool size: undefined/unknown
2025-12-11T17:55:21.507+02:00  INFO 9488 --- [server] [main] o.h.e.t.j.p.i.JtaPlatformInitiator       : HHH000489: No JTA platform available (set 'hibernate.transaction.jta.platform' to enable JTA platform integration)
2025-12-11T17:55:21.608+02:00  INFO 9488 --- [server] [main] j.LocalContainerEntityManagerFactoryBean : Initialized JPA EntityManagerFactory for persistence unit 'default'
2025-12-11T17:55:21.886+02:00  WARN 9488 --- [server] [main] JpaBaseConfiguration$JpaWebConfiguration : spring.jpa.open-in-view is enabled by default. Therefore, database queries may be performed during view rendering. Explicitly configure spring.jpa.open-in-view to disable this warning
2025-12-11T17:55:22.241+02:00  INFO 9488 --- [server] [main] o.s.b.w.embedded.tomcat.TomcatWebServer  : Tomcat started on port 8080 (http) with context path '/'
2025-12-11T17:55:22.246+02:00  INFO 9488 --- [server] [main] ee.andu.server.ServerApplication         : Started ServerApplication in 3.664 seconds (process running for 4.351)
2025-12-11T17:55:23.870+02:00  INFO 9488 --- [server] [http-nio-8080-exec-2] o.a.c.c.C.[Tomcat].[localhost].[/]       : Initializing Spring DispatcherServlet 'dispatcherServlet'
2025-12-11T17:55:23.871+02:00  INFO 9488 --- [server] [http-nio-8080-exec-2] o.s.web.servlet.DispatcherServlet        : Initializing Servlet 'dispatcherServlet'
2025-12-11T17:55:23.875+02:00  INFO 9488 --- [server] [http-nio-8080-exec-2] o.s.web.servlet.DispatcherServlet        : Completed initialization in 4 ms
2025-12-11T20:50:43.512+02:00  WARN 9488 --- [server] [http-nio-8080-exec-1] o.h.engine.jdbc.spi.SqlExceptionHelper   : SQL Error: 0, SQLState: 23503
2025-12-11T20:50:43.514+02:00 ERROR 9488 --- [server] [http-nio-8080-exec-1] o.h.engine.jdbc.spi.SqlExceptionHelper   : ERROR: insert or update on table "product" violates foreign key constraint "fk1mtsbur82frn64de7balymq9s"
  Detail: Key (category_id)=(0) is not present in table "category".
2025-12-11T20:52:46.277+02:00  WARN 9488 --- [server] [http-nio-8080-exec-9] o.h.engine.jdbc.spi.SqlExceptionHelper   : SQL Error: 0, SQLState: 23503
2025-12-11T20:52:46.277+02:00 ERROR 9488 --- [server] [http-nio-8080-exec-9] o.h.engine.jdbc.spi.SqlExceptionHelper   : ERROR: insert or update on table "product" violates foreign key constraint "fk1mtsbur82frn64de7balymq9s"
  Detail: Key (category_id)=(0) is not present in table "category".
2025-12-11T20:59:13.817+02:00  INFO 9488 --- [server] [SpringApplicationShutdownHook] o.s.b.w.e.tomcat.GracefulShutdown        : Commencing graceful shutdown. Waiting for active requests to complete
2025-12-11T20:59:13.817+02:00  INFO 9488 --- [server] [tomcat-shutdown] o.s.b.w.e.tomcat.GracefulShutdown        : Graceful shutdown complete
2025-12-11T20:59:13.817+02:00  INFO 9488 --- [server] [SpringApplicationShutdownHook] j.LocalContainerEntityManagerFactoryBean : Closing JPA EntityManagerFactory for persistence unit 'default'
2025-12-11T20:59:13.827+02:00  INFO 9488 --- [server] [SpringApplicationShutdownHook] com.zaxxer.hikari.HikariDataSource       : HikariPool-1 - Shutdown initiated...
2025-12-11T20:59:13.829+02:00  INFO 9488 --- [server] [SpringApplicationShutdownHook] com.zaxxer.hikari.HikariDataSource       : HikariPool-1 - Shutdown completed.
